<?xml version="1.0" encoding="UTF-8"?>
<testsuite name="com.phonebook.tests.HomePageTests" tests="1" skipped="0" failures="0" errors="0" timestamp="2025-07-15T17:33:26.021Z" hostname="SERAFINA" time="0.023">
  <properties/>
  <testcase name="isHomeComponentPresentTest" classname="com.phonebook.tests.HomePageTests" time="0.023"/>
  <system-out><![CDATA[19:33:25.985 [Test worker] INFO  com.phonebook.core.TestBase.startTest - Start testisHomeComponentPresentTest with data:[]
19:33:26.049 [Test worker] INFO  com.phonebook.core.TestBase.stopTest - Passed:isHomeComponentPresentTest
19:33:26.050 [Test worker] INFO  com.phonebook.core.TestBase.stopTest - Stop test
19:33:26.051 [Test worker] INFO  com.phonebook.core.TestBase.stopTest - Stop test
19:33:26.052 [Test worker] INFO  com.phonebook.core.TestBase.stopTest - ==================================================
]]></system-out>
  <system-err><![CDATA[]]></system-err>
</testsuite>
