<?xml version="1.0" encoding="UTF-8"?>
<testsuite name="com.phonebook.tests.RemoveContactTests" tests="1" skipped="0" failures="0" errors="0" timestamp="2025-07-15T17:33:52.109Z" hostname="SERAFINA" time="1.48">
  <properties/>
  <testcase name="removeContactTest" classname="com.phonebook.tests.RemoveContactTests" time="1.48"/>
  <system-out><![CDATA[19:33:40.300 [Test worker] INFO  com.phonebook.core.TestBase.startTest - Start testremoveContactTest with data:[]
19:33:53.589 [Test worker] INFO  com.phonebook.core.TestBase.stopTest - Passed:removeContactTest
19:33:53.590 [Test worker] INFO  com.phonebook.core.TestBase.stopTest - Stop test
19:33:53.590 [Test worker] INFO  com.phonebook.core.TestBase.stopTest - Stop test
19:33:53.590 [Test worker] INFO  com.phonebook.core.TestBase.stopTest - ==================================================
]]></system-out>
  <system-err><![CDATA[]]></system-err>
</testsuite>
